<?xml version="1.0" encoding="UTF-8"?>
<testng-results ignored="0" total="1" passed="1" failed="0" skipped="0">
  <reporter-output>
  </reporter-output>
  <suite started-at="2024-05-17T17:03:38 IST" name="Default suite" finished-at="2024-05-17T17:04:54 IST" duration-ms="75484">
    <groups>
    </groups>
    <test started-at="2024-05-17T17:03:38 IST" name="Default test" finished-at="2024-05-17T17:04:54 IST" duration-ms="75484">
      <class name="pckge.Project">
        <test-method is-config="true" signature="setUp()[pri:0, instance:pckge.Project@485966cc]" started-at="2024-05-17T17:03:38 IST" name="setUp" finished-at="2024-05-17T17:03:40 IST" duration-ms="1536" status="PASS">
          <reporter-output>
          </reporter-output>
        </test-method> <!-- setUp -->
        <test-method signature="login()[pri:0, instance:pckge.Project@485966cc]" started-at="2024-05-17T17:03:40 IST" name="login" finished-at="2024-05-17T17:04:54 IST" duration-ms="73906" status="PASS">
          <reporter-output>
          </reporter-output>
        </test-method> <!-- login -->
      </class> <!-- pckge.Project -->
    </test> <!-- Default test -->
  </suite> <!-- Default suite -->
</testng-results>
